{"E:\\Javascript\\express-crud\\app.js": {"path":"E:\\Javascript\\express-crud\\app.js","statementMap":{"0":{"start":{"line":1,"column":16},"end":{"line":1,"column":34}},"1":{"start":{"line":2,"column":12},"end":{"line":2,"column":21}},"2":{"start":{"line":3,"column":19},"end":{"line":3,"column":50}},"3":{"start":{"line":4,"column":19},"end":{"line":4,"column":50}},"4":{"start":{"line":5,"column":16},"end":{"line":5,"column":52}},"5":{"start":{"line":7,"column":0},"end":{"line":7,"column":17}},"6":{"start":{"line":9,"column":0},"end":{"line":9,"column":23}},"7":{"start":{"line":11,"column":0},"end":{"line":11,"column":29}},"8":{"start":{"line":13,"column":0},"end":{"line":13,"column":24}},"9":{"start":{"line":15,"column":0},"end":{"line":17,"column":2}},"10":{"start":{"line":16,"column":1},"end":{"line":16,"column":48}},"11":{"start":{"line":19,"column":0},"end":{"line":19,"column":20}}},"fnMap":{"0":{"name":"(anonymous_0)","decl":{"start":{"line":15,"column":8},"end":{"line":15,"column":9}},"loc":{"start":{"line":15,"column":35},"end":{"line":17,"column":1}},"line":15}},"branchMap":{},"s":{"0":1,"1":1,"2":1,"3":1,"4":1,"5":1,"6":1,"7":1,"8":1,"9":1,"10":1,"11":1},"f":{"0":1},"b":{},"_coverageSchema":"1a1c01bbd47fc00a2c39e90264f33305004495a9","hash":"88e37a4064bf9c1a4d0e6409fe117590206d9f39"}
,"E:\\Javascript\\express-crud\\controllers\\goal.controller.js": {"path":"E:\\Javascript\\express-crud\\controllers\\goal.controller.js","statementMap":{"0":{"start":{"line":1,"column":18},"end":{"line":1,"column":48}},"1":{"start":{"line":3,"column":0},"end":{"line":10,"column":2}},"2":{"start":{"line":4,"column":2},"end":{"line":9,"column":3}},"3":{"start":{"line":5,"column":25},"end":{"line":5,"column":57}},"4":{"start":{"line":6,"column":4},"end":{"line":6,"column":39}},"5":{"start":{"line":8,"column":4},"end":{"line":8,"column":15}},"6":{"start":{"line":12,"column":0},"end":{"line":19,"column":2}},"7":{"start":{"line":13,"column":2},"end":{"line":18,"column":3}},"8":{"start":{"line":14,"column":21},"end":{"line":14,"column":45}},"9":{"start":{"line":15,"column":4},"end":{"line":15,"column":35}},"10":{"start":{"line":17,"column":4},"end":{"line":17,"column":16}},"11":{"start":{"line":21,"column":0},"end":{"line":32,"column":2}},"12":{"start":{"line":22,"column":2},"end":{"line":31,"column":3}},"13":{"start":{"line":23,"column":22},"end":{"line":23,"column":65}},"14":{"start":{"line":24,"column":4},"end":{"line":28,"column":5}},"15":{"start":{"line":25,"column":6},"end":{"line":25,"column":38}},"16":{"start":{"line":27,"column":6},"end":{"line":27,"column":29}},"17":{"start":{"line":30,"column":4},"end":{"line":30,"column":16}},"18":{"start":{"line":34,"column":0},"end":{"line":52,"column":2}},"19":{"start":{"line":35,"column":2},"end":{"line":51,"column":3}},"20":{"start":{"line":36,"column":24},"end":{"line":43,"column":5}},"21":{"start":{"line":44,"column":4},"end":{"line":48,"column":5}},"22":{"start":{"line":45,"column":6},"end":{"line":45,"column":40}},"23":{"start":{"line":47,"column":6},"end":{"line":47,"column":29}},"24":{"start":{"line":50,"column":4},"end":{"line":50,"column":14}},"25":{"start":{"line":54,"column":0},"end":{"line":65,"column":2}},"26":{"start":{"line":55,"column":2},"end":{"line":64,"column":3}},"27":{"start":{"line":56,"column":24},"end":{"line":56,"column":76}},"28":{"start":{"line":57,"column":4},"end":{"line":61,"column":5}},"29":{"start":{"line":58,"column":6},"end":{"line":58,"column":40}},"30":{"start":{"line":60,"column":6},"end":{"line":60,"column":29}},"31":{"start":{"line":63,"column":4},"end":{"line":63,"column":14}}},"fnMap":{"0":{"name":"(anonymous_0)","decl":{"start":{"line":3,"column":21},"end":{"line":3,"column":22}},"loc":{"start":{"line":3,"column":47},"end":{"line":10,"column":1}},"line":3},"1":{"name":"(anonymous_1)","decl":{"start":{"line":12,"column":19},"end":{"line":12,"column":20}},"loc":{"start":{"line":12,"column":45},"end":{"line":19,"column":1}},"line":12},"2":{"name":"(anonymous_2)","decl":{"start":{"line":21,"column":22},"end":{"line":21,"column":23}},"loc":{"start":{"line":21,"column":48},"end":{"line":32,"column":1}},"line":21},"3":{"name":"(anonymous_3)","decl":{"start":{"line":34,"column":21},"end":{"line":34,"column":22}},"loc":{"start":{"line":34,"column":47},"end":{"line":52,"column":1}},"line":34},"4":{"name":"(anonymous_4)","decl":{"start":{"line":54,"column":21},"end":{"line":54,"column":22}},"loc":{"start":{"line":54,"column":47},"end":{"line":65,"column":1}},"line":54}},"branchMap":{"0":{"loc":{"start":{"line":24,"column":4},"end":{"line":28,"column":5}},"type":"if","locations":[{"start":{"line":24,"column":4},"end":{"line":28,"column":5}},{"start":{"line":24,"column":4},"end":{"line":28,"column":5}}],"line":24},"1":{"loc":{"start":{"line":44,"column":4},"end":{"line":48,"column":5}},"type":"if","locations":[{"start":{"line":44,"column":4},"end":{"line":48,"column":5}},{"start":{"line":44,"column":4},"end":{"line":48,"column":5}}],"line":44},"2":{"loc":{"start":{"line":57,"column":4},"end":{"line":61,"column":5}},"type":"if","locations":[{"start":{"line":57,"column":4},"end":{"line":61,"column":5}},{"start":{"line":57,"column":4},"end":{"line":61,"column":5}}],"line":57}},"s":{"0":2,"1":2,"2":6,"3":6,"4":4,"5":2,"6":2,"7":5,"8":5,"9":4,"10":1,"11":2,"12":5,"13":5,"14":4,"15":2,"16":2,"17":1,"18":2,"19":5,"20":5,"21":4,"22":2,"23":2,"24":1,"25":2,"26":6,"27":6,"28":5,"29":2,"30":3,"31":1},"f":{"0":6,"1":5,"2":5,"3":5,"4":6},"b":{"0":[2,2],"1":[2,2],"2":[2,3]},"_coverageSchema":"1a1c01bbd47fc00a2c39e90264f33305004495a9","hash":"8ad3cea3f672c982898136da33e0009bbca861cd"}
,"E:\\Javascript\\express-crud\\controllers\\root.controller.js": {"path":"E:\\Javascript\\express-crud\\controllers\\root.controller.js","statementMap":{"0":{"start":{"line":1,"column":0},"end":{"line":3,"column":1}},"1":{"start":{"line":2,"column":1},"end":{"line":2,"column":57}}},"fnMap":{"0":{"name":"(anonymous_0)","decl":{"start":{"line":1,"column":18},"end":{"line":1,"column":19}},"loc":{"start":{"line":1,"column":38},"end":{"line":3,"column":1}},"line":1}},"branchMap":{},"s":{"0":1,"1":1},"f":{"0":1},"b":{},"_coverageSchema":"1a1c01bbd47fc00a2c39e90264f33305004495a9","hash":"5b3ef5823df5eb4c29c77af307a42c98f159584f"}
,"E:\\Javascript\\express-crud\\model\\goal.model.js": {"path":"E:\\Javascript\\express-crud\\model\\goal.model.js","statementMap":{"0":{"start":{"line":1,"column":17},"end":{"line":1,"column":36}},"1":{"start":{"line":3,"column":19},"end":{"line":16,"column":2}},"2":{"start":{"line":18,"column":18},"end":{"line":18,"column":52}},"3":{"start":{"line":20,"column":0},"end":{"line":20,"column":26}}},"fnMap":{},"branchMap":{},"s":{"0":2,"1":2,"2":2,"3":2},"f":{},"b":{},"_coverageSchema":"1a1c01bbd47fc00a2c39e90264f33305004495a9","hash":"da537ff59b74de4a45b075bc2164f1737484dc86"}
,"E:\\Javascript\\express-crud\\mongodb\\mongodb.connect.js": {"path":"E:\\Javascript\\express-crud\\mongodb\\mongodb.connect.js","statementMap":{"0":{"start":{"line":1,"column":17},"end":{"line":1,"column":36}},"1":{"start":{"line":4,"column":2},"end":{"line":12,"column":3}},"2":{"start":{"line":5,"column":4},"end":{"line":8,"column":6}},"3":{"start":{"line":10,"column":4},"end":{"line":10,"column":49}},"4":{"start":{"line":11,"column":4},"end":{"line":11,"column":23}},"5":{"start":{"line":15,"column":0},"end":{"line":15,"column":29}}},"fnMap":{"0":{"name":"connect","decl":{"start":{"line":3,"column":15},"end":{"line":3,"column":22}},"loc":{"start":{"line":3,"column":25},"end":{"line":13,"column":1}},"line":3}},"branchMap":{},"s":{"0":1,"1":1,"2":1,"3":0,"4":0,"5":1},"f":{"0":1},"b":{},"_coverageSchema":"1a1c01bbd47fc00a2c39e90264f33305004495a9","hash":"64d51a9ac9b96a74ba062d20d9351355cc9a2049"}
,"E:\\Javascript\\express-crud\\routes\\goal.routes.js": {"path":"E:\\Javascript\\express-crud\\routes\\goal.routes.js","statementMap":{"0":{"start":{"line":1,"column":16},"end":{"line":1,"column":34}},"1":{"start":{"line":2,"column":23},"end":{"line":2,"column":64}},"2":{"start":{"line":3,"column":15},"end":{"line":3,"column":31}},"3":{"start":{"line":5,"column":0},"end":{"line":5,"column":43}},"4":{"start":{"line":7,"column":0},"end":{"line":7,"column":40}},"5":{"start":{"line":9,"column":0},"end":{"line":9,"column":50}},"6":{"start":{"line":11,"column":0},"end":{"line":11,"column":49}},"7":{"start":{"line":13,"column":0},"end":{"line":13,"column":52}},"8":{"start":{"line":15,"column":0},"end":{"line":15,"column":23}}},"fnMap":{},"branchMap":{},"s":{"0":1,"1":1,"2":1,"3":1,"4":1,"5":1,"6":1,"7":1,"8":1},"f":{},"b":{},"_coverageSchema":"1a1c01bbd47fc00a2c39e90264f33305004495a9","hash":"3a87bc80c3937d439f70744e3d6c754015853bdc"}
}
